The system is: Linux - 2.6.39-ARCH - i686
Compiling the C compiler identification source file "CMakeCCompilerId.c" succeeded.
Compiler: /usr/bin/gcc 
Build flags: 
Id flags: 

The output was:
0


Compilation of the C compiler identification source "CMakeCCompilerId.c" produced "a.out"

The C compiler identification is GNU, found in "/home/james/Uni/summer11/code/Running Version/cleanDynamo/CMakeFiles/CompilerIdC/a.out"

Determining if the C compiler works passed with the following output:
Change Dir: /home/james/Uni/summer11/code/Running Version/cleanDynamo/CMakeFiles/CMakeTmp

Run Build Command:/usr/bin/make "cmTryCompileExec/fast"
/usr/bin/make -f CMakeFiles/cmTryCompileExec.dir/build.make CMakeFiles/cmTryCompileExec.dir/build
make[1]: Entering directory `/home/james/Uni/summer11/code/Running Version/cleanDynamo/CMakeFiles/CMakeTmp'
/usr/bin/cmake -E cmake_progress_report "/home/james/Uni/summer11/code/Running Version/cleanDynamo/CMakeFiles/CMakeTmp/CMakeFiles" 1
Building C object CMakeFiles/cmTryCompileExec.dir/testCCompiler.c.o
/usr/bin/gcc    -o CMakeFiles/cmTryCompileExec.dir/testCCompiler.c.o   -c "/home/james/Uni/summer11/code/Running Version/cleanDynamo/CMakeFiles/CMakeTmp/testCCompiler.c"
Linking C executable cmTryCompileExec
/usr/bin/cmake -E cmake_link_script CMakeFiles/cmTryCompileExec.dir/link.txt --verbose=1
/usr/bin/gcc        CMakeFiles/cmTryCompileExec.dir/testCCompiler.c.o  -o cmTryCompileExec -rdynamic 
make[1]: Leaving directory `/home/james/Uni/summer11/code/Running Version/cleanDynamo/CMakeFiles/CMakeTmp'


Detecting C compiler ABI info compiled with the following output:
Change Dir: /home/james/Uni/summer11/code/Running Version/cleanDynamo/CMakeFiles/CMakeTmp

Run Build Command:/usr/bin/make "cmTryCompileExec/fast"
/usr/bin/make -f CMakeFiles/cmTryCompileExec.dir/build.make CMakeFiles/cmTryCompileExec.dir/build
make[1]: Entering directory `/home/james/Uni/summer11/code/Running Version/cleanDynamo/CMakeFiles/CMakeTmp'
/usr/bin/cmake -E cmake_progress_report "/home/james/Uni/summer11/code/Running Version/cleanDynamo/CMakeFiles/CMakeTmp/CMakeFiles" 1
Building C object CMakeFiles/cmTryCompileExec.dir/CMakeCCompilerABI.c.o
/usr/bin/gcc    -o CMakeFiles/cmTryCompileExec.dir/CMakeCCompilerABI.c.o   -c /usr/share/cmake-2.8/Modules/CMakeCCompilerABI.c
Linking C executable cmTryCompileExec
/usr/bin/cmake -E cmake_link_script CMakeFiles/cmTryCompileExec.dir/link.txt --verbose=1
/usr/bin/gcc       -v CMakeFiles/cmTryCompileExec.dir/CMakeCCompilerABI.c.o  -o cmTryCompileExec -rdynamic  
Using built-in specs.
COLLECT_GCC=/usr/bin/gcc
COLLECT_LTO_WRAPPER=/usr/lib/gcc/i686-pc-linux-gnu/4.6.0/lto-wrapper
Target: i686-pc-linux-gnu
Configured with: /build/src/gcc-4.6-20110603/configure --prefix=/usr --libdir=/usr/lib --libexecdir=/usr/lib --mandir=/usr/share/man --infodir=/usr/share/info --with-bugurl=https://bugs.archlinux.org/ --enable-languages=c,c++,ada,fortran,go,lto,objc,obj-c++ --enable-shared --enable-threads=posix --with-system-zlib --enable-__cxa_atexit --disable-libunwind-exceptions --enable-clocale=gnu --enable-gnu-unique-object --enable-linker-build-id --with-ppl --enable-cloog-backend=isl --enable-lto --enable-gold --enable-ld=default --enable-plugin --with-plugin-ld=ld.gold --disable-multilib --disable-libstdcxx-pch --enable-checking=release
Thread model: posix
gcc version 4.6.0 20110603 (prerelease) (GCC) 
COMPILER_PATH=/usr/lib/gcc/i686-pc-linux-gnu/4.6.0/:/usr/lib/gcc/i686-pc-linux-gnu/4.6.0/:/usr/lib/gcc/i686-pc-linux-gnu/:/usr/lib/gcc/i686-pc-linux-gnu/4.6.0/:/usr/lib/gcc/i686-pc-linux-gnu/
LIBRARY_PATH=/usr/lib/gcc/i686-pc-linux-gnu/4.6.0/:/usr/lib/gcc/i686-pc-linux-gnu/4.6.0/../../../:/lib/:/usr/lib/
COLLECT_GCC_OPTIONS='-v' '-o' 'cmTryCompileExec' '-rdynamic' '-mtune=generic' '-march=pentiumpro'
 /usr/lib/gcc/i686-pc-linux-gnu/4.6.0/collect2 --build-id --eh-frame-hdr -m elf_i386 --hash-style=both -export-dynamic -dynamic-linker /lib/ld-linux.so.2 -o cmTryCompileExec /usr/lib/gcc/i686-pc-linux-gnu/4.6.0/../../../crt1.o /usr/lib/gcc/i686-pc-linux-gnu/4.6.0/../../../crti.o /usr/lib/gcc/i686-pc-linux-gnu/4.6.0/crtbegin.o -L/usr/lib/gcc/i686-pc-linux-gnu/4.6.0 -L/usr/lib/gcc/i686-pc-linux-gnu/4.6.0/../../.. CMakeFiles/cmTryCompileExec.dir/CMakeCCompilerABI.c.o -lgcc --as-needed -lgcc_s --no-as-needed -lc -lgcc --as-needed -lgcc_s --no-as-needed /usr/lib/gcc/i686-pc-linux-gnu/4.6.0/crtend.o /usr/lib/gcc/i686-pc-linux-gnu/4.6.0/../../../crtn.o
make[1]: Leaving directory `/home/james/Uni/summer11/code/Running Version/cleanDynamo/CMakeFiles/CMakeTmp'


Parsed C implicit link information from above output:
  link line regex: [^( *|.*[/\])(ld|ld|collect2)[^/\]*( |$)]
  ignore line: [Change Dir: /home/james/Uni/summer11/code/Running Version/cleanDynamo/CMakeFiles/CMakeTmp]
  ignore line: []
  ignore line: [Run Build Command:/usr/bin/make "cmTryCompileExec/fast"]
  ignore line: [/usr/bin/make -f CMakeFiles/cmTryCompileExec.dir/build.make CMakeFiles/cmTryCompileExec.dir/build]
  ignore line: [make[1]: Entering directory `/home/james/Uni/summer11/code/Running Version/cleanDynamo/CMakeFiles/CMakeTmp']
  ignore line: [/usr/bin/cmake -E cmake_progress_report "/home/james/Uni/summer11/code/Running Version/cleanDynamo/CMakeFiles/CMakeTmp/CMakeFiles" 1]
  ignore line: [Building C object CMakeFiles/cmTryCompileExec.dir/CMakeCCompilerABI.c.o]
  ignore line: [/usr/bin/gcc    -o CMakeFiles/cmTryCompileExec.dir/CMakeCCompilerABI.c.o   -c /usr/share/cmake-2.8/Modules/CMakeCCompilerABI.c]
  ignore line: [Linking C executable cmTryCompileExec]
  ignore line: [/usr/bin/cmake -E cmake_link_script CMakeFiles/cmTryCompileExec.dir/link.txt --verbose=1]
  ignore line: [/usr/bin/gcc       -v CMakeFiles/cmTryCompileExec.dir/CMakeCCompilerABI.c.o  -o cmTryCompileExec -rdynamic  ]
  ignore line: [Using built-in specs.]
  ignore line: [COLLECT_GCC=/usr/bin/gcc]
  ignore line: [COLLECT_LTO_WRAPPER=/usr/lib/gcc/i686-pc-linux-gnu/4.6.0/lto-wrapper]
  ignore line: [Target: i686-pc-linux-gnu]
  ignore line: [Configured with: /build/src/gcc-4.6-20110603/configure --prefix=/usr --libdir=/usr/lib --libexecdir=/usr/lib --mandir=/usr/share/man --infodir=/usr/share/info --with-bugurl=https://bugs.archlinux.org/ --enable-languages=c,c++,ada,fortran,go,lto,objc,obj-c++ --enable-shared --enable-threads=posix --with-system-zlib --enable-__cxa_atexit --disable-libunwind-exceptions --enable-clocale=gnu --enable-gnu-unique-object --enable-linker-build-id --with-ppl --enable-cloog-backend=isl --enable-lto --enable-gold --enable-ld=default --enable-plugin --with-plugin-ld=ld.gold --disable-multilib --disable-libstdcxx-pch --enable-checking=release]
  ignore line: [Thread model: posix]
  ignore line: [gcc version 4.6.0 20110603 (prerelease) (GCC) ]
  ignore line: [COMPILER_PATH=/usr/lib/gcc/i686-pc-linux-gnu/4.6.0/:/usr/lib/gcc/i686-pc-linux-gnu/4.6.0/:/usr/lib/gcc/i686-pc-linux-gnu/:/usr/lib/gcc/i686-pc-linux-gnu/4.6.0/:/usr/lib/gcc/i686-pc-linux-gnu/]
  ignore line: [LIBRARY_PATH=/usr/lib/gcc/i686-pc-linux-gnu/4.6.0/:/usr/lib/gcc/i686-pc-linux-gnu/4.6.0/../../../:/lib/:/usr/lib/]
  ignore line: [COLLECT_GCC_OPTIONS='-v' '-o' 'cmTryCompileExec' '-rdynamic' '-mtune=generic' '-march=pentiumpro']
  link line: [ /usr/lib/gcc/i686-pc-linux-gnu/4.6.0/collect2 --build-id --eh-frame-hdr -m elf_i386 --hash-style=both -export-dynamic -dynamic-linker /lib/ld-linux.so.2 -o cmTryCompileExec /usr/lib/gcc/i686-pc-linux-gnu/4.6.0/../../../crt1.o /usr/lib/gcc/i686-pc-linux-gnu/4.6.0/../../../crti.o /usr/lib/gcc/i686-pc-linux-gnu/4.6.0/crtbegin.o -L/usr/lib/gcc/i686-pc-linux-gnu/4.6.0 -L/usr/lib/gcc/i686-pc-linux-gnu/4.6.0/../../.. CMakeFiles/cmTryCompileExec.dir/CMakeCCompilerABI.c.o -lgcc --as-needed -lgcc_s --no-as-needed -lc -lgcc --as-needed -lgcc_s --no-as-needed /usr/lib/gcc/i686-pc-linux-gnu/4.6.0/crtend.o /usr/lib/gcc/i686-pc-linux-gnu/4.6.0/../../../crtn.o]
    arg [/usr/lib/gcc/i686-pc-linux-gnu/4.6.0/collect2] ==> ignore
    arg [--build-id] ==> ignore
    arg [--eh-frame-hdr] ==> ignore
    arg [-m] ==> ignore
    arg [elf_i386] ==> ignore
    arg [--hash-style=both] ==> ignore
    arg [-export-dynamic] ==> ignore
    arg [-dynamic-linker] ==> ignore
    arg [/lib/ld-linux.so.2] ==> ignore
    arg [-o] ==> ignore
    arg [cmTryCompileExec] ==> ignore
    arg [/usr/lib/gcc/i686-pc-linux-gnu/4.6.0/../../../crt1.o] ==> ignore
    arg [/usr/lib/gcc/i686-pc-linux-gnu/4.6.0/../../../crti.o] ==> ignore
    arg [/usr/lib/gcc/i686-pc-linux-gnu/4.6.0/crtbegin.o] ==> ignore
    arg [-L/usr/lib/gcc/i686-pc-linux-gnu/4.6.0] ==> dir [/usr/lib/gcc/i686-pc-linux-gnu/4.6.0]
    arg [-L/usr/lib/gcc/i686-pc-linux-gnu/4.6.0/../../..] ==> dir [/usr/lib/gcc/i686-pc-linux-gnu/4.6.0/../../..]
    arg [CMakeFiles/cmTryCompileExec.dir/CMakeCCompilerABI.c.o] ==> ignore
    arg [-lgcc] ==> lib [gcc]
    arg [--as-needed] ==> ignore
    arg [-lgcc_s] ==> lib [gcc_s]
    arg [--no-as-needed] ==> ignore
    arg [-lc] ==> lib [c]
    arg [-lgcc] ==> lib [gcc]
    arg [--as-needed] ==> ignore
    arg [-lgcc_s] ==> lib [gcc_s]
    arg [--no-as-needed] ==> ignore
    arg [/usr/lib/gcc/i686-pc-linux-gnu/4.6.0/crtend.o] ==> ignore
    arg [/usr/lib/gcc/i686-pc-linux-gnu/4.6.0/../../../crtn.o] ==> ignore
  remove lib [gcc]
  remove lib [gcc_s]
  remove lib [gcc]
  remove lib [gcc_s]
  collapse dir [/usr/lib/gcc/i686-pc-linux-gnu/4.6.0] ==> [/usr/lib/gcc/i686-pc-linux-gnu/4.6.0]
  collapse dir [/usr/lib/gcc/i686-pc-linux-gnu/4.6.0/../../..] ==> [/usr/lib]
  implicit libs: [c]
  implicit dirs: [/usr/lib/gcc/i686-pc-linux-gnu/4.6.0;/usr/lib]


Compiling the CXX compiler identification source file "CMakeCXXCompilerId.cpp" succeeded.
Compiler: /usr/bin/c++ 
Build flags: 
Id flags: 

The output was:
0


Compilation of the CXX compiler identification source "CMakeCXXCompilerId.cpp" produced "a.out"

The CXX compiler identification is GNU, found in "/home/james/Uni/summer11/code/Running Version/cleanDynamo/CMakeFiles/CompilerIdCXX/a.out"

Determining if the CXX compiler works passed with the following output:
Change Dir: /home/james/Uni/summer11/code/Running Version/cleanDynamo/CMakeFiles/CMakeTmp

Run Build Command:/usr/bin/make "cmTryCompileExec/fast"
/usr/bin/make -f CMakeFiles/cmTryCompileExec.dir/build.make CMakeFiles/cmTryCompileExec.dir/build
make[1]: Entering directory `/home/james/Uni/summer11/code/Running Version/cleanDynamo/CMakeFiles/CMakeTmp'
/usr/bin/cmake -E cmake_progress_report "/home/james/Uni/summer11/code/Running Version/cleanDynamo/CMakeFiles/CMakeTmp/CMakeFiles" 1
Building CXX object CMakeFiles/cmTryCompileExec.dir/testCXXCompiler.cxx.o
/usr/bin/c++     -o CMakeFiles/cmTryCompileExec.dir/testCXXCompiler.cxx.o -c "/home/james/Uni/summer11/code/Running Version/cleanDynamo/CMakeFiles/CMakeTmp/testCXXCompiler.cxx"
Linking CXX executable cmTryCompileExec
/usr/bin/cmake -E cmake_link_script CMakeFiles/cmTryCompileExec.dir/link.txt --verbose=1
/usr/bin/c++         CMakeFiles/cmTryCompileExec.dir/testCXXCompiler.cxx.o  -o cmTryCompileExec -rdynamic 
make[1]: Leaving directory `/home/james/Uni/summer11/code/Running Version/cleanDynamo/CMakeFiles/CMakeTmp'


Detecting CXX compiler ABI info compiled with the following output:
Change Dir: /home/james/Uni/summer11/code/Running Version/cleanDynamo/CMakeFiles/CMakeTmp

Run Build Command:/usr/bin/make "cmTryCompileExec/fast"
/usr/bin/make -f CMakeFiles/cmTryCompileExec.dir/build.make CMakeFiles/cmTryCompileExec.dir/build
make[1]: Entering directory `/home/james/Uni/summer11/code/Running Version/cleanDynamo/CMakeFiles/CMakeTmp'
/usr/bin/cmake -E cmake_progress_report "/home/james/Uni/summer11/code/Running Version/cleanDynamo/CMakeFiles/CMakeTmp/CMakeFiles" 1
Building CXX object CMakeFiles/cmTryCompileExec.dir/CMakeCXXCompilerABI.cpp.o
/usr/bin/c++     -o CMakeFiles/cmTryCompileExec.dir/CMakeCXXCompilerABI.cpp.o -c /usr/share/cmake-2.8/Modules/CMakeCXXCompilerABI.cpp
Linking CXX executable cmTryCompileExec
/usr/bin/cmake -E cmake_link_script CMakeFiles/cmTryCompileExec.dir/link.txt --verbose=1
/usr/bin/c++        -v CMakeFiles/cmTryCompileExec.dir/CMakeCXXCompilerABI.cpp.o  -o cmTryCompileExec -rdynamic  
Using built-in specs.
COLLECT_GCC=/usr/bin/c++
COLLECT_LTO_WRAPPER=/usr/lib/gcc/i686-pc-linux-gnu/4.6.0/lto-wrapper
Target: i686-pc-linux-gnu
Configured with: /build/src/gcc-4.6-20110603/configure --prefix=/usr --libdir=/usr/lib --libexecdir=/usr/lib --mandir=/usr/share/man --infodir=/usr/share/info --with-bugurl=https://bugs.archlinux.org/ --enable-languages=c,c++,ada,fortran,go,lto,objc,obj-c++ --enable-shared --enable-threads=posix --with-system-zlib --enable-__cxa_atexit --disable-libunwind-exceptions --enable-clocale=gnu --enable-gnu-unique-object --enable-linker-build-id --with-ppl --enable-cloog-backend=isl --enable-lto --enable-gold --enable-ld=default --enable-plugin --with-plugin-ld=ld.gold --disable-multilib --disable-libstdcxx-pch --enable-checking=release
Thread model: posix
gcc version 4.6.0 20110603 (prerelease) (GCC) 
COMPILER_PATH=/usr/lib/gcc/i686-pc-linux-gnu/4.6.0/:/usr/lib/gcc/i686-pc-linux-gnu/4.6.0/:/usr/lib/gcc/i686-pc-linux-gnu/:/usr/lib/gcc/i686-pc-linux-gnu/4.6.0/:/usr/lib/gcc/i686-pc-linux-gnu/
LIBRARY_PATH=/usr/lib/gcc/i686-pc-linux-gnu/4.6.0/:/usr/lib/gcc/i686-pc-linux-gnu/4.6.0/../../../:/lib/:/usr/lib/
COLLECT_GCC_OPTIONS='-v' '-o' 'cmTryCompileExec' '-rdynamic' '-shared-libgcc' '-mtune=generic' '-march=pentiumpro'
 /usr/lib/gcc/i686-pc-linux-gnu/4.6.0/collect2 --build-id --eh-frame-hdr -m elf_i386 --hash-style=both -export-dynamic -dynamic-linker /lib/ld-linux.so.2 -o cmTryCompileExec /usr/lib/gcc/i686-pc-linux-gnu/4.6.0/../../../crt1.o /usr/lib/gcc/i686-pc-linux-gnu/4.6.0/../../../crti.o /usr/lib/gcc/i686-pc-linux-gnu/4.6.0/crtbegin.o -L/usr/lib/gcc/i686-pc-linux-gnu/4.6.0 -L/usr/lib/gcc/i686-pc-linux-gnu/4.6.0/../../.. CMakeFiles/cmTryCompileExec.dir/CMakeCXXCompilerABI.cpp.o -lstdc++ -lm -lgcc_s -lgcc -lc -lgcc_s -lgcc /usr/lib/gcc/i686-pc-linux-gnu/4.6.0/crtend.o /usr/lib/gcc/i686-pc-linux-gnu/4.6.0/../../../crtn.o
make[1]: Leaving directory `/home/james/Uni/summer11/code/Running Version/cleanDynamo/CMakeFiles/CMakeTmp'


Parsed CXX implicit link information from above output:
  link line regex: [^( *|.*[/\])(ld|ld|collect2)[^/\]*( |$)]
  ignore line: [Change Dir: /home/james/Uni/summer11/code/Running Version/cleanDynamo/CMakeFiles/CMakeTmp]
  ignore line: []
  ignore line: [Run Build Command:/usr/bin/make "cmTryCompileExec/fast"]
  ignore line: [/usr/bin/make -f CMakeFiles/cmTryCompileExec.dir/build.make CMakeFiles/cmTryCompileExec.dir/build]
  ignore line: [make[1]: Entering directory `/home/james/Uni/summer11/code/Running Version/cleanDynamo/CMakeFiles/CMakeTmp']
  ignore line: [/usr/bin/cmake -E cmake_progress_report "/home/james/Uni/summer11/code/Running Version/cleanDynamo/CMakeFiles/CMakeTmp/CMakeFiles" 1]
  ignore line: [Building CXX object CMakeFiles/cmTryCompileExec.dir/CMakeCXXCompilerABI.cpp.o]
  ignore line: [/usr/bin/c++     -o CMakeFiles/cmTryCompileExec.dir/CMakeCXXCompilerABI.cpp.o -c /usr/share/cmake-2.8/Modules/CMakeCXXCompilerABI.cpp]
  ignore line: [Linking CXX executable cmTryCompileExec]
  ignore line: [/usr/bin/cmake -E cmake_link_script CMakeFiles/cmTryCompileExec.dir/link.txt --verbose=1]
  ignore line: [/usr/bin/c++        -v CMakeFiles/cmTryCompileExec.dir/CMakeCXXCompilerABI.cpp.o  -o cmTryCompileExec -rdynamic  ]
  ignore line: [Using built-in specs.]
  ignore line: [COLLECT_GCC=/usr/bin/c++]
  ignore line: [COLLECT_LTO_WRAPPER=/usr/lib/gcc/i686-pc-linux-gnu/4.6.0/lto-wrapper]
  ignore line: [Target: i686-pc-linux-gnu]
  ignore line: [Configured with: /build/src/gcc-4.6-20110603/configure --prefix=/usr --libdir=/usr/lib --libexecdir=/usr/lib --mandir=/usr/share/man --infodir=/usr/share/info --with-bugurl=https://bugs.archlinux.org/ --enable-languages=c,c++,ada,fortran,go,lto,objc,obj-c++ --enable-shared --enable-threads=posix --with-system-zlib --enable-__cxa_atexit --disable-libunwind-exceptions --enable-clocale=gnu --enable-gnu-unique-object --enable-linker-build-id --with-ppl --enable-cloog-backend=isl --enable-lto --enable-gold --enable-ld=default --enable-plugin --with-plugin-ld=ld.gold --disable-multilib --disable-libstdcxx-pch --enable-checking=release]
  ignore line: [Thread model: posix]
  ignore line: [gcc version 4.6.0 20110603 (prerelease) (GCC) ]
  ignore line: [COMPILER_PATH=/usr/lib/gcc/i686-pc-linux-gnu/4.6.0/:/usr/lib/gcc/i686-pc-linux-gnu/4.6.0/:/usr/lib/gcc/i686-pc-linux-gnu/:/usr/lib/gcc/i686-pc-linux-gnu/4.6.0/:/usr/lib/gcc/i686-pc-linux-gnu/]
  ignore line: [LIBRARY_PATH=/usr/lib/gcc/i686-pc-linux-gnu/4.6.0/:/usr/lib/gcc/i686-pc-linux-gnu/4.6.0/../../../:/lib/:/usr/lib/]
  ignore line: [COLLECT_GCC_OPTIONS='-v' '-o' 'cmTryCompileExec' '-rdynamic' '-shared-libgcc' '-mtune=generic' '-march=pentiumpro']
  link line: [ /usr/lib/gcc/i686-pc-linux-gnu/4.6.0/collect2 --build-id --eh-frame-hdr -m elf_i386 --hash-style=both -export-dynamic -dynamic-linker /lib/ld-linux.so.2 -o cmTryCompileExec /usr/lib/gcc/i686-pc-linux-gnu/4.6.0/../../../crt1.o /usr/lib/gcc/i686-pc-linux-gnu/4.6.0/../../../crti.o /usr/lib/gcc/i686-pc-linux-gnu/4.6.0/crtbegin.o -L/usr/lib/gcc/i686-pc-linux-gnu/4.6.0 -L/usr/lib/gcc/i686-pc-linux-gnu/4.6.0/../../.. CMakeFiles/cmTryCompileExec.dir/CMakeCXXCompilerABI.cpp.o -lstdc++ -lm -lgcc_s -lgcc -lc -lgcc_s -lgcc /usr/lib/gcc/i686-pc-linux-gnu/4.6.0/crtend.o /usr/lib/gcc/i686-pc-linux-gnu/4.6.0/../../../crtn.o]
    arg [/usr/lib/gcc/i686-pc-linux-gnu/4.6.0/collect2] ==> ignore
    arg [--build-id] ==> ignore
    arg [--eh-frame-hdr] ==> ignore
    arg [-m] ==> ignore
    arg [elf_i386] ==> ignore
    arg [--hash-style=both] ==> ignore
    arg [-export-dynamic] ==> ignore
    arg [-dynamic-linker] ==> ignore
    arg [/lib/ld-linux.so.2] ==> ignore
    arg [-o] ==> ignore
    arg [cmTryCompileExec] ==> ignore
    arg [/usr/lib/gcc/i686-pc-linux-gnu/4.6.0/../../../crt1.o] ==> ignore
    arg [/usr/lib/gcc/i686-pc-linux-gnu/4.6.0/../../../crti.o] ==> ignore
    arg [/usr/lib/gcc/i686-pc-linux-gnu/4.6.0/crtbegin.o] ==> ignore
    arg [-L/usr/lib/gcc/i686-pc-linux-gnu/4.6.0] ==> dir [/usr/lib/gcc/i686-pc-linux-gnu/4.6.0]
    arg [-L/usr/lib/gcc/i686-pc-linux-gnu/4.6.0/../../..] ==> dir [/usr/lib/gcc/i686-pc-linux-gnu/4.6.0/../../..]
    arg [CMakeFiles/cmTryCompileExec.dir/CMakeCXXCompilerABI.cpp.o] ==> ignore
    arg [-lstdc++] ==> lib [stdc++]
    arg [-lm] ==> lib [m]
    arg [-lgcc_s] ==> lib [gcc_s]
    arg [-lgcc] ==> lib [gcc]
    arg [-lc] ==> lib [c]
    arg [-lgcc_s] ==> lib [gcc_s]
    arg [-lgcc] ==> lib [gcc]
    arg [/usr/lib/gcc/i686-pc-linux-gnu/4.6.0/crtend.o] ==> ignore
    arg [/usr/lib/gcc/i686-pc-linux-gnu/4.6.0/../../../crtn.o] ==> ignore
  remove lib [gcc_s]
  remove lib [gcc]
  remove lib [gcc_s]
  remove lib [gcc]
  collapse dir [/usr/lib/gcc/i686-pc-linux-gnu/4.6.0] ==> [/usr/lib/gcc/i686-pc-linux-gnu/4.6.0]
  collapse dir [/usr/lib/gcc/i686-pc-linux-gnu/4.6.0/../../..] ==> [/usr/lib]
  implicit libs: [stdc++;m;c]
  implicit dirs: [/usr/lib/gcc/i686-pc-linux-gnu/4.6.0;/usr/lib]


Determining if the include file sys/types.h exists passed with the following output:
Change Dir: /home/james/Uni/summer11/code/Running Version/cleanDynamo/CMakeFiles/CMakeTmp

Run Build Command:/usr/bin/make "cmTryCompileExec/fast"
/usr/bin/make -f CMakeFiles/cmTryCompileExec.dir/build.make CMakeFiles/cmTryCompileExec.dir/build
make[1]: Entering directory `/home/james/Uni/summer11/code/Running Version/cleanDynamo/CMakeFiles/CMakeTmp'
/usr/bin/cmake -E cmake_progress_report "/home/james/Uni/summer11/code/Running Version/cleanDynamo/CMakeFiles/CMakeTmp/CMakeFiles" 1
Building C object CMakeFiles/cmTryCompileExec.dir/CheckIncludeFile.c.o
/usr/bin/gcc    -o CMakeFiles/cmTryCompileExec.dir/CheckIncludeFile.c.o   -c "/home/james/Uni/summer11/code/Running Version/cleanDynamo/CMakeFiles/CMakeTmp/CheckIncludeFile.c"
Linking C executable cmTryCompileExec
/usr/bin/cmake -E cmake_link_script CMakeFiles/cmTryCompileExec.dir/link.txt --verbose=1
/usr/bin/gcc        CMakeFiles/cmTryCompileExec.dir/CheckIncludeFile.c.o  -o cmTryCompileExec -rdynamic 
make[1]: Leaving directory `/home/james/Uni/summer11/code/Running Version/cleanDynamo/CMakeFiles/CMakeTmp'


Determining if the include file stdint.h exists passed with the following output:
Change Dir: /home/james/Uni/summer11/code/Running Version/cleanDynamo/CMakeFiles/CMakeTmp

Run Build Command:/usr/bin/make "cmTryCompileExec/fast"
/usr/bin/make -f CMakeFiles/cmTryCompileExec.dir/build.make CMakeFiles/cmTryCompileExec.dir/build
make[1]: Entering directory `/home/james/Uni/summer11/code/Running Version/cleanDynamo/CMakeFiles/CMakeTmp'
/usr/bin/cmake -E cmake_progress_report "/home/james/Uni/summer11/code/Running Version/cleanDynamo/CMakeFiles/CMakeTmp/CMakeFiles" 1
Building C object CMakeFiles/cmTryCompileExec.dir/CheckIncludeFile.c.o
/usr/bin/gcc    -o CMakeFiles/cmTryCompileExec.dir/CheckIncludeFile.c.o   -c "/home/james/Uni/summer11/code/Running Version/cleanDynamo/CMakeFiles/CMakeTmp/CheckIncludeFile.c"
Linking C executable cmTryCompileExec
/usr/bin/cmake -E cmake_link_script CMakeFiles/cmTryCompileExec.dir/link.txt --verbose=1
/usr/bin/gcc        CMakeFiles/cmTryCompileExec.dir/CheckIncludeFile.c.o  -o cmTryCompileExec -rdynamic 
make[1]: Leaving directory `/home/james/Uni/summer11/code/Running Version/cleanDynamo/CMakeFiles/CMakeTmp'


Determining if the include file stddef.h exists passed with the following output:
Change Dir: /home/james/Uni/summer11/code/Running Version/cleanDynamo/CMakeFiles/CMakeTmp

Run Build Command:/usr/bin/make "cmTryCompileExec/fast"
/usr/bin/make -f CMakeFiles/cmTryCompileExec.dir/build.make CMakeFiles/cmTryCompileExec.dir/build
make[1]: Entering directory `/home/james/Uni/summer11/code/Running Version/cleanDynamo/CMakeFiles/CMakeTmp'
/usr/bin/cmake -E cmake_progress_report "/home/james/Uni/summer11/code/Running Version/cleanDynamo/CMakeFiles/CMakeTmp/CMakeFiles" 1
Building C object CMakeFiles/cmTryCompileExec.dir/CheckIncludeFile.c.o
/usr/bin/gcc    -o CMakeFiles/cmTryCompileExec.dir/CheckIncludeFile.c.o   -c "/home/james/Uni/summer11/code/Running Version/cleanDynamo/CMakeFiles/CMakeTmp/CheckIncludeFile.c"
Linking C executable cmTryCompileExec
/usr/bin/cmake -E cmake_link_script CMakeFiles/cmTryCompileExec.dir/link.txt --verbose=1
/usr/bin/gcc        CMakeFiles/cmTryCompileExec.dir/CheckIncludeFile.c.o  -o cmTryCompileExec -rdynamic 
make[1]: Leaving directory `/home/james/Uni/summer11/code/Running Version/cleanDynamo/CMakeFiles/CMakeTmp'


Determining size of uint passed with the following output:
Change Dir: /home/james/Uni/summer11/code/Running Version/cleanDynamo/CMakeFiles/CMakeTmp

Run Build Command:/usr/bin/make "cmTryCompileExec/fast"
/usr/bin/make -f CMakeFiles/cmTryCompileExec.dir/build.make CMakeFiles/cmTryCompileExec.dir/build
make[1]: Entering directory `/home/james/Uni/summer11/code/Running Version/cleanDynamo/CMakeFiles/CMakeTmp'
/usr/bin/cmake -E cmake_progress_report "/home/james/Uni/summer11/code/Running Version/cleanDynamo/CMakeFiles/CMakeTmp/CMakeFiles" 1
Building C object CMakeFiles/cmTryCompileExec.dir/DR_DO_NOT_DEFINE_uint.c.o
/usr/bin/gcc    -o CMakeFiles/cmTryCompileExec.dir/DR_DO_NOT_DEFINE_uint.c.o   -c "/home/james/Uni/summer11/code/Running Version/cleanDynamo/CMakeFiles/CheckTypeSize/DR_DO_NOT_DEFINE_uint.c"
Linking C executable cmTryCompileExec
/usr/bin/cmake -E cmake_link_script CMakeFiles/cmTryCompileExec.dir/link.txt --verbose=1
/usr/bin/gcc        CMakeFiles/cmTryCompileExec.dir/DR_DO_NOT_DEFINE_uint.c.o  -o cmTryCompileExec -rdynamic 
make[1]: Leaving directory `/home/james/Uni/summer11/code/Running Version/cleanDynamo/CMakeFiles/CMakeTmp'


Determining size of ushort passed with the following output:
Change Dir: /home/james/Uni/summer11/code/Running Version/cleanDynamo/CMakeFiles/CMakeTmp

Run Build Command:/usr/bin/make "cmTryCompileExec/fast"
/usr/bin/make -f CMakeFiles/cmTryCompileExec.dir/build.make CMakeFiles/cmTryCompileExec.dir/build
make[1]: Entering directory `/home/james/Uni/summer11/code/Running Version/cleanDynamo/CMakeFiles/CMakeTmp'
/usr/bin/cmake -E cmake_progress_report "/home/james/Uni/summer11/code/Running Version/cleanDynamo/CMakeFiles/CMakeTmp/CMakeFiles" 1
Building C object CMakeFiles/cmTryCompileExec.dir/DR_DO_NOT_DEFINE_ushort.c.o
/usr/bin/gcc    -o CMakeFiles/cmTryCompileExec.dir/DR_DO_NOT_DEFINE_ushort.c.o   -c "/home/james/Uni/summer11/code/Running Version/cleanDynamo/CMakeFiles/CheckTypeSize/DR_DO_NOT_DEFINE_ushort.c"
Linking C executable cmTryCompileExec
/usr/bin/cmake -E cmake_link_script CMakeFiles/cmTryCompileExec.dir/link.txt --verbose=1
/usr/bin/gcc        CMakeFiles/cmTryCompileExec.dir/DR_DO_NOT_DEFINE_ushort.c.o  -o cmTryCompileExec -rdynamic 
make[1]: Leaving directory `/home/james/Uni/summer11/code/Running Version/cleanDynamo/CMakeFiles/CMakeTmp'


Checking whether the ASM compiler is GNU using "--version" matched "GNU assembler":
GNU assembler (GNU Binutils) 2.21.0.20110430
Copyright 2011 Free Software Foundation, Inc.
This program is free software; you may redistribute it under the terms of
the GNU General Public License version 3 or later.
This program has absolutely no warranty.
This assembler was configured for a target of `i686-pc-linux-gnu'.
Performing C SOURCE FILE Test HAVE_FVISIBILITY succeded with the following output:
Change Dir: /home/james/Uni/summer11/code/Running Version/cleanDynamo/CMakeFiles/CMakeTmp

Run Build Command:/usr/bin/make "cmTryCompileExec/fast"
/usr/bin/make -f CMakeFiles/cmTryCompileExec.dir/build.make CMakeFiles/cmTryCompileExec.dir/build
make[1]: Entering directory `/home/james/Uni/summer11/code/Running Version/cleanDynamo/CMakeFiles/CMakeTmp'
/usr/bin/cmake -E cmake_progress_report "/home/james/Uni/summer11/code/Running Version/cleanDynamo/CMakeFiles/CMakeTmp/CMakeFiles" 1
Building C object CMakeFiles/cmTryCompileExec.dir/src.c.o
/usr/bin/gcc   -DHAVE_FVISIBILITY   -fvisibility=internal -o CMakeFiles/cmTryCompileExec.dir/src.c.o   -c "/home/james/Uni/summer11/code/Running Version/cleanDynamo/CMakeFiles/CMakeTmp/src.c"
Linking C executable cmTryCompileExec
/usr/bin/cmake -E cmake_link_script CMakeFiles/cmTryCompileExec.dir/link.txt --verbose=1
/usr/bin/gcc     -DHAVE_FVISIBILITY   CMakeFiles/cmTryCompileExec.dir/src.c.o  -o cmTryCompileExec -rdynamic 
make[1]: Leaving directory `/home/james/Uni/summer11/code/Running Version/cleanDynamo/CMakeFiles/CMakeTmp'

Source file was:
int main(void) { return 0; }
